[LOG] System::create                           : Header version = 1.10.11. Current version = 1.10.11.
[LOG] Manager::init                            : maxchannels = 256 studioflags = 00000006 flags 00000000 extradriverdata 0x0.
[LOG] SystemI::init                            : Initialize version=11011 (100047), maxchannels=256, flags=0x00020000
[LOG] SystemI::setOutputInternal               : Setting output to 'FMOD Core Audio Output'
[LOG] OutputCoreAudio::init                    : Output running 2 channels at 44100Hz sample rate.
[LOG] OutputCoreAudio::init                    : Maximum hardware read size: 1024 samples, Software buffer size: 512 samples, Number of software buffers: 4.
[WRN] SystemI::init                            : Output requires a sample rate of 44100Hz, resampling will occur.
[LOG] Thread::initThread                       : Init FMOD stream thread. Priority: 2, Stack Size: 65536, Semaphore: No, Sleep Time: 10, Looping: Yes.
[LOG] Thread::initThread                       : Init FMOD mixer thread. Priority: 3, Stack Size: 49152, Semaphore: Yes, Sleep Time: 0, Looping: Yes.
[LOG] AsyncManager::init                       : manager 0x14fa63c08 isAsync 0 updatePeriod 0.02
[LOG] AsyncManager::init                       : done
[LOG] PlaybackSystem::init                     : 
[LOG] Thread::initThread                       : Init FMOD Studio sample load thread. Priority: 0, Stack Size: 65536, Semaphore: No, Sleep Time: 1, Looping: No.
[LOG] PlaybackSystem::init                     : done
[LOG] Thread::initThread                       : Init FMOD Studio bank load thread. Priority: 0, Stack Size: 65536, Semaphore: No, Sleep Time: 1, Looping: No.
[LOG] Manager::init                            : done.
[LOG] Manager::readBank                        : fileversion = 103, compatVersion = 99 (oldest = 44, newest = 103)
[LOG] SystemI::createSoundInternal             : Create name='', mode=0x02000202
[LOG] SystemI::createSoundInternal             : exinfo->cbsize             = 232
[LOG] SystemI::createSoundInternal             : exinfo->length             = 4455776
[LOG] SystemI::createSoundInternal             : exinfo->fileoffset         = 41856
[LOG] SystemI::createSoundInternal             : exinfo->numsubsounds       = 1
[LOG] SystemI::createSoundInternal             : exinfo->inclusionlist      = 0x70000ce018ac
[LOG] SystemI::createSoundInternal             : exinfo->inclusionlistnum   = 1
[LOG] SystemI::createSoundInternal             : exinfo->suggestedsoundtype = 5
[LOG] SystemI::createSoundInternal             : exinfo->useropen           = 0x14efb4f76
[LOG] SystemI::createSoundInternal             : exinfo->userclose          = 0x14efb502d
[LOG] SystemI::createSoundInternal             : exinfo->userread           = 0x14efb505d
[LOG] SystemI::createSoundInternal             : exinfo->userseek           = 0x14efb50fe
[LOG] SystemI::createSoundInternal             : exinfo->fileuserdata       = 0x14cbf03f8
[LOG] SystemI::createSoundInternal             : exinfo->initialseekpostype = 1
[LOG] SystemI::DSPCodecPoolRegister            : register codec pool for pool type 5
[LOG] SystemI::createSoundInternal             : Sample 0/1: name='SFX_DoorSlam', format=2, channels=2, frequency=48000, lengthbytes=7712, lengthpcm=27000, pcmblocksize=0, loopstart=0, loopend=0, mode=0x00000000, channelmask=0x00000000, channelorder=0, peakvolume=1.000000.
[LOG] SystemI::createSound                     : filename = GGJ2019_fmodSession/Build/Desktop/Master Bank.bank : mode 02010082
[LOG] SystemI::createSound                     : FMOD_NONBLOCKING specified.  Putting into queue to be opened asynchronously!
[LOG] SystemI::createSound                     : setdata soundi = 0x13dddb118 : node = 0x141ca7a00
[LOG] SystemI::createSound                     : add node to async list : head = 0x13ae205d8.  list count = 0
[LOG] AsyncThread::threadFunc                  : Starting Asynchronous operation on sound 0x13dddb118
[LOG] SystemI::createSoundInternal             :     Create name='GGJ2019_fmodSession/Build/Desktop/Master Bank.bank', mode=0x02010082
[LOG] SystemI::createSoundInternal             :     exinfo->cbsize             = 232
[LOG] SystemI::createSoundInternal             :     exinfo->length             = 4455776
[LOG] SystemI::createSoundInternal             :     exinfo->fileoffset         = 41856
[LOG] SystemI::createSoundInternal             :     exinfo->numsubsounds       = 1
[LOG] SystemI::createSoundInternal             :     exinfo->inclusionlist      = 0x141ca7b18
[LOG] SystemI::createSoundInternal             :     exinfo->inclusionlistnum   = 1
[LOG] SystemI::createSoundInternal             :     exinfo->suggestedsoundtype = 5
[LOG] SystemI::createSoundInternal             :     exinfo->initialseekpostype = 1
[LOG] SystemI::createSoundInternal             :     Stream 0/1: name='GameState_Gameplay', format=2, channels=2, frequency=48000, lengthbytes=1688672, lengthpcm=6271243, pcmblocksize=0, loopstart=0, loopend=0, mode=0x00000000, channelmask=0x00000000, channelorder=0, peakvolume=1.000000.
[LOG] AsyncThread::threadFunc                  : Finished Asynchronous operation on sound 0x13dddb118
[LOG] SoundI::getSubSound                      : sound 0x13dddb118.  Subsound index 0 / 1
[LOG] Manager::readBank                        : fileversion = 103, compatVersion = 99 (oldest = 44, newest = 103)
[LOG] SystemI::createSoundInternal             : Create name='', mode=0x02000202
[LOG] SystemI::createSoundInternal             : exinfo->cbsize             = 232
[LOG] SystemI::createSoundInternal             : exinfo->length             = 4455776
[LOG] SystemI::createSoundInternal             : exinfo->fileoffset         = 41856
[LOG] SystemI::createSoundInternal             : exinfo->numsubsounds       = 1
[LOG] SystemI::createSoundInternal             : exinfo->inclusionlist      = 0x70000ce018ac
[LOG] SystemI::createSoundInternal             : exinfo->inclusionlistnum   = 1
[LOG] SystemI::createSoundInternal             : exinfo->suggestedsoundtype = 5
[LOG] SystemI::createSoundInternal             : exinfo->useropen           = 0x14efb4f76
[LOG] SystemI::createSoundInternal             : exinfo->userclose          = 0x14efb502d
[LOG] SystemI::createSoundInternal             : exinfo->userread           = 0x14efb505d
[LOG] SystemI::createSoundInternal             : exinfo->userseek           = 0x14efb50fe
[LOG] SystemI::createSoundInternal             : exinfo->fileuserdata       = 0x13dd90b08
[LOG] SystemI::createSoundInternal             : exinfo->initialseekpostype = 1
[LOG] SystemI::DSPCodecPoolRegister            : register codec pool for pool type 5
[LOG] SystemI::createSoundInternal             : Sample 0/1: name='SFX_Player_Jump', format=2, channels=2, frequency=48000, lengthbytes=2784, lengthpcm=11210, pcmblocksize=0, loopstart=0, loopend=0, mode=0x00000000, channelmask=0x00000000, channelorder=0, peakvolume=1.000000.
[LOG] Manager::readBank                        : fileversion = 103, compatVersion = 99 (oldest = 44, newest = 103)
[LOG] Manager::readBank                        : fileversion = 103, compatVersion = 99 (oldest = 44, newest = 103)
[LOG] Manager::readBank                        : fileversion = 103, compatVersion = 99 (oldest = 44, newest = 103)
[LOG] Manager::readBank                        : fileversion = 103, compatVersion = 99 (oldest = 44, newest = 103)
[LOG] PlaybackSystem::acquireMasterBus         : Setting master channel group format to 3
[LOG] SystemI::createSoundInternal             : Create name='', mode=0x02000202
[LOG] SystemI::createSoundInternal             : exinfo->cbsize             = 232
[LOG] SystemI::createSoundInternal             : exinfo->length             = 4455776
[LOG] SystemI::createSoundInternal             : exinfo->fileoffset         = 41856
[LOG] SystemI::createSoundInternal             : exinfo->numsubsounds       = 1
[LOG] SystemI::createSoundInternal             : exinfo->inclusionlist      = 0x70000ce018ac
[LOG] SystemI::createSoundInternal             : exinfo->inclusionlistnum   = 1
[LOG] SystemI::createSoundInternal             : exinfo->suggestedsoundtype = 5
[LOG] SystemI::createSoundInternal             : exinfo->useropen           = 0x14efb4f76
[LOG] SystemI::createSoundInternal             : exinfo->userclose          = 0x14efb502d
[LOG] SystemI::createSoundInternal             : exinfo->userread           = 0x14efb505d
[LOG] SystemI::createSoundInternal             : exinfo->userseek           = 0x14efb50fe
[LOG] SystemI::createSoundInternal             : exinfo->fileuserdata       = 0x14cbf5358
[LOG] SystemI::createSoundInternal             : exinfo->initialseekpostype = 1
[LOG] SystemI::DSPCodecPoolRegister            : register codec pool for pool type 5
[LOG] SystemI::createSoundInternal             : Sample 0/1: name='SFX_DoorOpen', format=2, channels=2, frequency=48000, lengthbytes=24000, lengthpcm=90000, pcmblocksize=0, loopstart=0, loopend=0, mode=0x00000000, channelmask=0x00000000, channelorder=0, peakvolume=1.000000.
[LOG] SystemI::createSoundInternal             : Create name='', mode=0x02000202
[LOG] SystemI::createSoundInternal             : exinfo->cbsize             = 232
[LOG] SystemI::createSoundInternal             : exinfo->length             = 4455776
[LOG] SystemI::createSoundInternal             : exinfo->fileoffset         = 41856
[LOG] SystemI::createSoundInternal             : exinfo->numsubsounds       = 1
[LOG] SystemI::createSoundInternal             : exinfo->inclusionlist      = 0x70000ce018ac
[LOG] SystemI::createSoundInternal             : exinfo->inclusionlistnum   = 1
[LOG] SystemI::createSoundInternal             : exinfo->suggestedsoundtype = 5
[LOG] SystemI::createSoundInternal             : exinfo->useropen           = 0x14efb4f76
[LOG] SystemI::createSoundInternal             : exinfo->userclose          = 0x14efb502d
[LOG] SystemI::createSoundInternal             : exinfo->userread           = 0x14efb505d
[LOG] SystemI::createSoundInternal             : exinfo->userseek           = 0x14efb50fe
[LOG] SystemI::createSoundInternal             : exinfo->fileuserdata       = 0x14cbe6448
[LOG] SystemI::createSoundInternal             : exinfo->initialseekpostype = 1
[LOG] SystemI::DSPCodecPoolRegister            : register codec pool for pool type 5
[LOG] SystemI::createSoundInternal             : Sample 0/1: name='VO_Mom_14', format=2, channels=2, frequency=48000, lengthbytes=93824, lengthpcm=360000, pcmblocksize=0, loopstart=0, loopend=0, mode=0x00000000, channelmask=0x00000000, channelorder=0, peakvolume=1.000000.
[LOG] SystemI::createSoundInternal             : Create name='', mode=0x02000202
[LOG] SystemI::createSoundInternal             : exinfo->cbsize             = 232
[LOG] SystemI::createSoundInternal             : exinfo->length             = 4455776
[LOG] SystemI::createSoundInternal             : exinfo->fileoffset         = 41856
[LOG] SystemI::createSoundInternal             : exinfo->numsubsounds       = 1
[LOG] SystemI::createSoundInternal             : exinfo->inclusionlist      = 0x70000ce018ac
[LOG] SystemI::createSoundInternal             : exinfo->inclusionlistnum   = 1
[LOG] SystemI::createSoundInternal             : exinfo->suggestedsoundtype = 5
[LOG] SystemI::createSoundInternal             : exinfo->useropen           = 0x14efb4f76
[LOG] SystemI::createSoundInternal             : exinfo->userclose          = 0x14efb502d
[LOG] SystemI::createSoundInternal             : exinfo->userread           = 0x14efb505d
[LOG] SystemI::createSoundInternal             : exinfo->userseek           = 0x14efb50fe
[LOG] SystemI::createSoundInternal             : exinfo->fileuserdata       = 0x14cbe6448
[LOG] SystemI::createSoundInternal             : exinfo->initialseekpostype = 1
[LOG] SystemI::DSPCodecPoolRegister            : register codec pool for pool type 5
[LOG] SystemI::createSoundInternal             : Sample 0/1: name='VO_Mom_9', format=2, channels=2, frequency=48000, lengthbytes=57024, lengthpcm=210000, pcmblocksize=0, loopstart=0, loopend=0, mode=0x00000000, channelmask=0x00000000, channelorder=0, peakvolume=1.000000.
[LOG] SystemI::createSoundInternal             : Create name='', mode=0x02000202
[LOG] SystemI::createSoundInternal             : exinfo->cbsize             = 232
[LOG] SystemI::createSoundInternal             : exinfo->length             = 4455776
[LOG] SystemI::createSoundInternal             : exinfo->fileoffset         = 41856
[LOG] SystemI::createSoundInternal             : exinfo->numsubsounds       = 1
[LOG] SystemI::createSoundInternal             : exinfo->inclusionlist      = 0x70000ce018ac
[LOG] SystemI::createSoundInternal             : exinfo->inclusionlistnum   = 1
[LOG] SystemI::createSoundInternal             : exinfo->suggestedsoundtype = 5
[LOG] SystemI::createSoundInternal             : exinfo->useropen           = 0x14efb4f76
[LOG] SystemI::createSoundInternal             : exinfo->userclose          = 0x14efb502d
[LOG] SystemI::createSoundInternal             : exinfo->userread           = 0x14efb505d
[LOG] SystemI::createSoundInternal             : exinfo->userseek           = 0x14efb50fe
[LOG] SystemI::createSoundInternal             : exinfo->fileuserdata       = 0x14cbe6448
[LOG] SystemI::createSoundInternal             : exinfo->initialseekpostype = 1
[LOG] SystemI::DSPCodecPoolRegister            : register codec pool for pool type 5
[LOG] SystemI::createSoundInternal             : Sample 0/1: name='VO_Mom_7', format=2, channels=2, frequency=48000, lengthbytes=48320, lengthpcm=180000, pcmblocksize=0, loopstart=0, loopend=0, mode=0x00000000, channelmask=0x00000000, channelorder=0, peakvolume=1.000000.
[LOG] SystemI::createSoundInternal             : Create name='', mode=0x02000202
[LOG] SystemI::createSoundInternal             : exinfo->cbsize             = 232
[LOG] SystemI::createSoundInternal             : exinfo->length             = 4455776
[LOG] SystemI::createSoundInternal             : exinfo->fileoffset         = 41856
[LOG] SystemI::createSoundInternal             : exinfo->numsubsounds       = 1
[LOG] SystemI::createSoundInternal             : exinfo->inclusionlist      = 0x70000ce018ac
[LOG] SystemI::createSoundInternal             : exinfo->inclusionlistnum   = 1
[LOG] SystemI::createSoundInternal             : exinfo->suggestedsoundtype = 5
[LOG] SystemI::createSoundInternal             : exinfo->useropen           = 0x14efb4f76
[LOG] SystemI::createSoundInternal             : exinfo->userclose          = 0x14efb502d
[LOG] SystemI::createSoundInternal             : exinfo->userread           = 0x14efb505d
[LOG] SystemI::createSoundInternal             : exinfo->userseek           = 0x14efb50fe
[LOG] SystemI::createSoundInternal             : exinfo->fileuserdata       = 0x14cbe6448
[LOG] SystemI::createSoundInternal             : exinfo->initialseekpostype = 1
[LOG] SystemI::DSPCodecPoolRegister            : register codec pool for pool type 5
[LOG] SystemI::createSoundInternal             : Sample 0/1: name='VO_Mom_2', format=2, channels=2, frequency=48000, lengthbytes=52896, lengthpcm=201948, pcmblocksize=0, loopstart=0, loopend=0, mode=0x00000000, channelmask=0x00000000, channelorder=0, peakvolume=1.000000.
[LOG] SystemI::createSoundInternal             : Create name='', mode=0x02000202
[LOG] SystemI::createSoundInternal             : exinfo->cbsize             = 232
[LOG] SystemI::createSoundInternal             : exinfo->length             = 4455776
[LOG] SystemI::createSoundInternal             : exinfo->fileoffset         = 41856
[LOG] SystemI::createSoundInternal             : exinfo->numsubsounds       = 1
[LOG] SystemI::createSoundInternal             : exinfo->inclusionlist      = 0x70000ce018ac
[LOG] SystemI::createSoundInternal             : exinfo->inclusionlistnum   = 1
[LOG] SystemI::createSoundInternal             : exinfo->suggestedsoundtype = 5
[LOG] SystemI::createSoundInternal             : exinfo->useropen           = 0x14efb4f76
[LOG] SystemI::createSoundInternal             : exinfo->userclose          = 0x14efb502d
[LOG] SystemI::createSoundInternal             : exinfo->userread           = 0x14efb505d
[LOG] SystemI::createSoundInternal             : exinfo->userseek           = 0x14efb50fe
[LOG] SystemI::createSoundInternal             : exinfo->fileuserdata       = 0x14cbe6448
[LOG] SystemI::createSoundInternal             : exinfo->initialseekpostype = 1
[LOG] SystemI::DSPCodecPoolRegister            : register codec pool for pool type 5
[LOG] SystemI::createSoundInternal             : Sample 0/1: name='VO_Mom_4', format=2, channels=2, frequency=48000, lengthbytes=34304, lengthpcm=119727, pcmblocksize=0, loopstart=0, loopend=0, mode=0x00000000, channelmask=0x00000000, channelorder=0, peakvolume=1.000000.
[LOG] SystemI::createSoundInternal             : Create name='', mode=0x02000202
[LOG] SystemI::createSoundInternal             : exinfo->cbsize             = 232
[LOG] SystemI::createSoundInternal             : exinfo->length             = 4455776
[LOG] SystemI::createSoundInternal             : exinfo->fileoffset         = 41856
[LOG] SystemI::createSoundInternal             : exinfo->numsubsounds       = 1
[LOG] SystemI::createSoundInternal             : exinfo->inclusionlist      = 0x70000ce018ac
[LOG] SystemI::createSoundInternal             : exinfo->inclusionlistnum   = 1
[LOG] SystemI::createSoundInternal             : exinfo->suggestedsoundtype = 5
[LOG] SystemI::createSoundInternal             : exinfo->useropen           = 0x14efb4f76
[LOG] SystemI::createSoundInternal             : exinfo->userclose          = 0x14efb502d
[LOG] SystemI::createSoundInternal             : exinfo->userread           = 0x14efb505d
[LOG] SystemI::createSoundInternal             : exinfo->userseek           = 0x14efb50fe
[LOG] SystemI::createSoundInternal             : exinfo->fileuserdata       = 0x14cbe6448
[LOG] SystemI::createSoundInternal             : exinfo->initialseekpostype = 1
[LOG] SystemI::DSPCodecPoolRegister            : register codec pool for pool type 5
[LOG] SystemI::createSoundInternal             : Sample 0/1: name='VO_Mom_13', format=2, channels=2, frequency=48000, lengthbytes=41280, lengthpcm=147750, pcmblocksize=0, loopstart=0, loopend=0, mode=0x00000000, channelmask=0x00000000, channelorder=0, peakvolume=1.000000.
[LOG] SystemI::createSoundInternal             : Create name='', mode=0x02000202
[LOG] SystemI::createSoundInternal             : exinfo->cbsize             = 232
[LOG] SystemI::createSoundInternal             : exinfo->length             = 4455776
[LOG] SystemI::createSoundInternal             : exinfo->fileoffset         = 41856
[LOG] SystemI::createSoundInternal             : exinfo->numsubsounds       = 1
[LOG] SystemI::createSoundInternal             : exinfo->inclusionlist      = 0x70000ce018ac
[LOG] SystemI::createSoundInternal             : exinfo->inclusionlistnum   = 1
[LOG] SystemI::createSoundInternal             : exinfo->suggestedsoundtype = 5
[LOG] SystemI::createSoundInternal             : exinfo->useropen           = 0x14efb4f76
[LOG] SystemI::createSoundInternal             : exinfo->userclose          = 0x14efb502d
[LOG] SystemI::createSoundInternal             : exinfo->userread           = 0x14efb505d
[LOG] SystemI::createSoundInternal             : exinfo->userseek           = 0x14efb50fe
[LOG] SystemI::createSoundInternal             : exinfo->fileuserdata       = 0x14cbe6448
[LOG] SystemI::createSoundInternal             : exinfo->initialseekpostype = 1
[LOG] SystemI::DSPCodecPoolRegister            : register codec pool for pool type 5
[LOG] SystemI::createSoundInternal             : Sample 0/1: name='VO_Mom_16', format=2, channels=2, frequency=48000, lengthbytes=24960, lengthpcm=84000, pcmblocksize=0, loopstart=0, loopend=0, mode=0x00000000, channelmask=0x00000000, channelorder=0, peakvolume=1.000000.
[LOG] SystemI::createSoundInternal             : Create name='', mode=0x02000202
[LOG] SystemI::createSoundInternal             : exinfo->cbsize             = 232
[LOG] SystemI::createSoundInternal             : exinfo->length             = 4455776
[LOG] SystemI::createSoundInternal             : exinfo->fileoffset         = 41856
[LOG] SystemI::createSoundInternal             : exinfo->numsubsounds       = 1
[LOG] SystemI::createSoundInternal             : exinfo->inclusionlist      = 0x70000ce018ac
[LOG] SystemI::createSoundInternal             : exinfo->inclusionlistnum   = 1
[LOG] SystemI::createSoundInternal             : exinfo->suggestedsoundtype = 5
[LOG] SystemI::createSoundInternal             : exinfo->useropen           = 0x14efb4f76
[LOG] SystemI::createSoundInternal             : exinfo->userclose          = 0x14efb502d
[LOG] SystemI::createSoundInternal             : exinfo->userread           = 0x14efb505d
[LOG] SystemI::createSoundInternal             : exinfo->userseek           = 0x14efb50fe
[LOG] SystemI::createSoundInternal             : exinfo->fileuserdata       = 0x14cbe6448
[LOG] SystemI::createSoundInternal             : exinfo->initialseekpostype = 1
[LOG] SystemI::DSPCodecPoolRegister            : register codec pool for pool type 5
[LOG] SystemI::createSoundInternal             : Sample 0/1: name='VO_Mom_5', format=2, channels=2, frequency=48000, lengthbytes=34464, lengthpcm=119727, pcmblocksize=0, loopstart=0, loopend=0, mode=0x00000000, channelmask=0x00000000, channelorder=0, peakvolume=1.000000.
[LOG] SystemI::createSoundInternal             : Create name='', mode=0x02000202
[LOG] SystemI::createSoundInternal             : exinfo->cbsize             = 232
[LOG] SystemI::createSoundInternal             : exinfo->length             = 4455776
[LOG] SystemI::createSoundInternal             : exinfo->fileoffset         = 41856
[LOG] SystemI::createSoundInternal             : exinfo->numsubsounds       = 1
[LOG] SystemI::createSoundInternal             : exinfo->inclusionlist      = 0x70000ce018ac
[LOG] SystemI::createSoundInternal             : exinfo->inclusionlistnum   = 1
[LOG] SystemI::createSoundInternal             : exinfo->suggestedsoundtype = 5
[LOG] SystemI::createSoundInternal             : exinfo->useropen           = 0x14efb4f76
[LOG] SystemI::createSoundInternal             : exinfo->userclose          = 0x14efb502d
[LOG] SystemI::createSoundInternal             : exinfo->userread           = 0x14efb505d
[LOG] SystemI::createSoundInternal             : exinfo->userseek           = 0x14efb50fe
[LOG] SystemI::createSoundInternal             : exinfo->fileuserdata       = 0x14cbe6448
[LOG] SystemI::createSoundInternal             : exinfo->initialseekpostype = 1
[LOG] SystemI::DSPCodecPoolRegister            : register codec pool for pool type 5
[LOG] SystemI::createSoundInternal             : Sample 0/1: name='VO_Mom_1', format=2, channels=2, frequency=48000, lengthbytes=512, lengthpcm=169500, pcmblocksize=0, loopstart=0, loopend=0, mode=0x00000000, channelmask=0x00000000, channelorder=0, peakvolume=0.000000.
[LOG] SystemI::createSoundInternal             : Create name='', mode=0x02000202
[LOG] SystemI::createSoundInternal             : exinfo->cbsize             = 232
[LOG] SystemI::createSoundInternal             : exinfo->length             = 4455776
[LOG] SystemI::createSoundInternal             : exinfo->fileoffset         = 41856
[LOG] SystemI::createSoundInternal             : exinfo->numsubsounds       = 1
[LOG] SystemI::createSoundInternal             : exinfo->inclusionlist      = 0x70000ce018ac
[LOG] SystemI::createSoundInternal             : exinfo->inclusionlistnum   = 1
[LOG] SystemI::createSoundInternal             : exinfo->suggestedsoundtype = 5
[LOG] SystemI::createSoundInternal             : exinfo->useropen           = 0x14efb4f76
[LOG] SystemI::createSoundInternal             : exinfo->userclose          = 0x14efb502d
[LOG] SystemI::createSoundInternal             : exinfo->userread           = 0x14efb505d
[LOG] SystemI::createSoundInternal             : exinfo->userseek           = 0x14efb50fe
[LOG] SystemI::createSoundInternal             : exinfo->fileuserdata       = 0x14cbe6448
[LOG] SystemI::createSoundInternal             : exinfo->initialseekpostype = 1
[LOG] SystemI::DSPCodecPoolRegister            : register codec pool for pool type 5
[LOG] SystemI::createSoundInternal             : Sample 0/1: name='VO_Mom_3', format=2, channels=2, frequency=48000, lengthbytes=24448, lengthpcm=90000, pcmblocksize=0, loopstart=0, loopend=0, mode=0x00000000, channelmask=0x00000000, channelorder=0, peakvolume=1.000000.
[LOG] SystemI::createSoundInternal             : Create name='', mode=0x02000202
[LOG] SystemI::createSoundInternal             : exinfo->cbsize             = 232
[LOG] SystemI::createSoundInternal             : exinfo->length             = 4455776
[LOG] SystemI::createSoundInternal             : exinfo->fileoffset         = 41856
[LOG] SystemI::createSoundInternal             : exinfo->numsubsounds       = 1
[LOG] SystemI::createSoundInternal             : exinfo->inclusionlist      = 0x70000ce018ac
[LOG] SystemI::createSoundInternal             : exinfo->inclusionlistnum   = 1
[LOG] SystemI::createSoundInternal             : exinfo->suggestedsoundtype = 5
[LOG] SystemI::createSoundInternal             : exinfo->useropen           = 0x14efb4f76
[LOG] SystemI::createSoundInternal             : exinfo->userclose          = 0x14efb502d
[LOG] SystemI::createSoundInternal             : exinfo->userread           = 0x14efb505d
[LOG] SystemI::createSoundInternal             : exinfo->userseek           = 0x14efb50fe
[LOG] SystemI::createSoundInternal             : exinfo->fileuserdata       = 0x14cbe6448
[LOG] SystemI::createSoundInternal             : exinfo->initialseekpostype = 1
[LOG] SystemI::DSPCodecPoolRegister            : register codec pool for pool type 5
[LOG] SystemI::createSoundInternal             : Sample 0/1: name='VO_Mom_11', format=2, channels=2, frequency=48000, lengthbytes=30848, lengthpcm=114000, pcmblocksize=0, loopstart=0, loopend=0, mode=0x00000000, channelmask=0x00000000, channelorder=0, peakvolume=1.000000.
[LOG] SystemI::createSoundInternal             : Create name='', mode=0x02000202
[LOG] SystemI::createSoundInternal             : exinfo->cbsize             = 232
[LOG] SystemI::createSoundInternal             : exinfo->length             = 4455776
[LOG] SystemI::createSoundInternal             : exinfo->fileoffset         = 41856
[LOG] SystemI::createSoundInternal             : exinfo->numsubsounds       = 1
[LOG] SystemI::createSoundInternal             : exinfo->inclusionlist      = 0x70000ce018ac
[LOG] SystemI::createSoundInternal             : exinfo->inclusionlistnum   = 1
[LOG] SystemI::createSoundInternal             : exinfo->suggestedsoundtype = 5
[LOG] SystemI::createSoundInternal             : exinfo->useropen           = 0x14efb4f76
[LOG] SystemI::createSoundInternal             : exinfo->userclose          = 0x14efb502d
[LOG] SystemI::createSoundInternal             : exinfo->userread           = 0x14efb505d
[LOG] SystemI::createSoundInternal             : exinfo->userseek           = 0x14efb50fe
[LOG] SystemI::createSoundInternal             : exinfo->fileuserdata       = 0x14cbe6448
[LOG] SystemI::createSoundInternal             : exinfo->initialseekpostype = 1
[LOG] SystemI::DSPCodecPoolRegister            : register codec pool for pool type 5
[LOG] SystemI::createSoundInternal             : Sample 0/1: name='VO_Mom_10', format=2, channels=2, frequency=48000, lengthbytes=71712, lengthpcm=264000, pcmblocksize=0, loopstart=0, loopend=0, mode=0x00000000, channelmask=0x00000000, channelorder=0, peakvolume=1.000000.
[LOG] SystemI::createSoundInternal             : Create name='', mode=0x02000202
[LOG] SystemI::createSoundInternal             : exinfo->cbsize             = 232
[LOG] SystemI::createSoundInternal             : exinfo->length             = 4455776
[LOG] SystemI::createSoundInternal             : exinfo->fileoffset         = 41856
[LOG] SystemI::createSoundInternal             : exinfo->numsubsounds       = 1
[LOG] SystemI::createSoundInternal             : exinfo->inclusionlist      = 0x70000ce018ac
[LOG] SystemI::createSoundInternal             : exinfo->inclusionlistnum   = 1
[LOG] SystemI::createSoundInternal             : exinfo->suggestedsoundtype = 5
[LOG] SystemI::createSoundInternal             : exinfo->useropen           = 0x14efb4f76
[LOG] SystemI::createSoundInternal             : exinfo->userclose          = 0x14efb502d
[LOG] SystemI::createSoundInternal             : exinfo->userread           = 0x14efb505d
[LOG] SystemI::createSoundInternal             : exinfo->userseek           = 0x14efb50fe
[LOG] SystemI::createSoundInternal             : exinfo->fileuserdata       = 0x14cbe6448
[LOG] SystemI::createSoundInternal             : exinfo->initialseekpostype = 1
[LOG] SystemI::DSPCodecPoolRegister            : register codec pool for pool type 5
[LOG] SystemI::createSoundInternal             : Sample 0/1: name='VO_Mom_6', format=2, channels=2, frequency=48000, lengthbytes=61216, lengthpcm=237000, pcmblocksize=0, loopstart=0, loopend=0, mode=0x00000000, channelmask=0x00000000, channelorder=0, peakvolume=1.000000.
[LOG] SystemI::createSoundInternal             : Create name='', mode=0x02000202
[LOG] SystemI::createSoundInternal             : exinfo->cbsize             = 232
[LOG] SystemI::createSoundInternal             : exinfo->length             = 4455776
[LOG] SystemI::createSoundInternal             : exinfo->fileoffset         = 41856
[LOG] SystemI::createSoundInternal             : exinfo->numsubsounds       = 1
[LOG] SystemI::createSoundInternal             : exinfo->inclusionlist      = 0x70000ce018ac
[LOG] SystemI::createSoundInternal             : exinfo->inclusionlistnum   = 1
[LOG] SystemI::createSoundInternal             : exinfo->suggestedsoundtype = 5
[LOG] SystemI::createSoundInternal             : exinfo->useropen           = 0x14efb4f76
[LOG] SystemI::createSoundInternal             : exinfo->userclose          = 0x14efb502d
[LOG] SystemI::createSoundInternal             : exinfo->userread           = 0x14efb505d
[LOG] SystemI::createSoundInternal             : exinfo->userseek           = 0x14efb50fe
[LOG] SystemI::createSoundInternal             : exinfo->fileuserdata       = 0x14cbe6448
[LOG] SystemI::createSoundInternal             : exinfo->initialseekpostype = 1
[LOG] SystemI::DSPCodecPoolRegister            : register codec pool for pool type 5
[LOG] SystemI::createSoundInternal             : Sample 0/1: name='VO_Mom_15', format=2, channels=2, frequency=48000, lengthbytes=46080, lengthpcm=168000, pcmblocksize=0, loopstart=0, loopend=0, mode=0x00000000, channelmask=0x00000000, channelorder=0, peakvolume=1.000000.
[LOG] SystemI::createSoundInternal             : Create name='', mode=0x02000202
[LOG] SystemI::createSoundInternal             : exinfo->cbsize             = 232
[LOG] SystemI::createSoundInternal             : exinfo->length             = 4455776
[LOG] SystemI::createSoundInternal             : exinfo->fileoffset         = 41856
[LOG] SystemI::createSoundInternal             : exinfo->numsubsounds       = 1
[LOG] SystemI::createSoundInternal             : exinfo->inclusionlist      = 0x70000ce018ac
[LOG] SystemI::createSoundInternal             : exinfo->inclusionlistnum   = 1
[LOG] SystemI::createSoundInternal             : exinfo->suggestedsoundtype = 5
[LOG] SystemI::createSoundInternal             : exinfo->useropen           = 0x14efb4f76
[LOG] SystemI::createSoundInternal             : exinfo->userclose          = 0x14efb502d
[LOG] SystemI::createSoundInternal             : exinfo->userread           = 0x14efb505d
[LOG] SystemI::createSoundInternal             : exinfo->userseek           = 0x14efb50fe
[LOG] SystemI::createSoundInternal             : exinfo->fileuserdata       = 0x14cbe6448
[LOG] SystemI::createSoundInternal             : exinfo->initialseekpostype = 1
[LOG] SystemI::DSPCodecPoolRegister            : register codec pool for pool type 5
[LOG] SystemI::createSoundInternal             : Sample 0/1: name='VO_Mom_12', format=2, channels=2, frequency=48000, lengthbytes=52800, lengthpcm=193500, pcmblocksize=0, loopstart=0, loopend=0, mode=0x00000000, channelmask=0x00000000, channelorder=0, peakvolume=1.000000.
[LOG] SystemI::createSoundInternal             : Create name='', mode=0x02000202
[LOG] SystemI::createSoundInternal             : exinfo->cbsize             = 232
[LOG] SystemI::createSoundInternal             : exinfo->length             = 4455776
[LOG] SystemI::createSoundInternal             : exinfo->fileoffset         = 41856
[LOG] SystemI::createSoundInternal             : exinfo->numsubsounds       = 1
[LOG] SystemI::createSoundInternal             : exinfo->inclusionlist      = 0x70000ce018ac
[LOG] SystemI::createSoundInternal             : exinfo->inclusionlistnum   = 1
[LOG] SystemI::createSoundInternal             : exinfo->suggestedsoundtype = 5
[LOG] SystemI::createSoundInternal             : exinfo->useropen           = 0x14efb4f76
[LOG] SystemI::createSoundInternal             : exinfo->userclose          = 0x14efb502d
[LOG] SystemI::createSoundInternal             : exinfo->userread           = 0x14efb505d
[LOG] SystemI::createSoundInternal             : exinfo->userseek           = 0x14efb50fe
[LOG] SystemI::createSoundInternal             : exinfo->fileuserdata       = 0x14cbe6448
[LOG] SystemI::createSoundInternal             : exinfo->initialseekpostype = 1
[LOG] SystemI::DSPCodecPoolRegister            : register codec pool for pool type 5
[LOG] SystemI::createSoundInternal             : Sample 0/1: name='VO_Mom_8', format=2, channels=2, frequency=48000, lengthbytes=43360, lengthpcm=153000, pcmblocksize=0, loopstart=0, loopend=0, mode=0x00000000, channelmask=0x00000000, channelorder=0, peakvolume=1.000000.
[LOG] SystemI::createSoundInternal             : Create name='', mode=0x02000202
[LOG] SystemI::createSoundInternal             : exinfo->cbsize             = 232
[LOG] SystemI::createSoundInternal             : exinfo->length             = 4455776
[LOG] SystemI::createSoundInternal             : exinfo->fileoffset         = 41856
[LOG] SystemI::createSoundInternal             : exinfo->numsubsounds       = 1
[LOG] SystemI::createSoundInternal             : exinfo->inclusionlist      = 0x70000ce018ac
[LOG] SystemI::createSoundInternal             : exinfo->inclusionlistnum   = 1
[LOG] SystemI::createSoundInternal             : exinfo->suggestedsoundtype = 5
[LOG] SystemI::createSoundInternal             : exinfo->useropen           = 0x14efb4f76
[LOG] SystemI::createSoundInternal             : exinfo->userclose          = 0x14efb502d
[LOG] SystemI::createSoundInternal             : exinfo->userread           = 0x14efb505d
[LOG] SystemI::createSoundInternal             : exinfo->userseek           = 0x14efb50fe
[LOG] SystemI::createSoundInternal             : exinfo->fileuserdata       = 0x14cbe6448
[LOG] SystemI::createSoundInternal             : exinfo->initialseekpostype = 1
[LOG] SystemI::DSPCodecPoolRegister            : register codec pool for pool type 5
[LOG] SystemI::createSoundInternal             : Sample 0/1: name='VO_Mom_17', format=2, channels=2, frequency=48000, lengthbytes=63808, lengthpcm=241500, pcmblocksize=0, loopstart=0, loopend=0, mode=0x00000000, channelmask=0x00000000, channelorder=0, peakvolume=1.000000.
[LOG] SystemI::createSoundInternal             : Create name='', mode=0x02000202
[LOG] SystemI::createSoundInternal             : exinfo->cbsize             = 232
[LOG] SystemI::createSoundInternal             : exinfo->length             = 4455776
[LOG] SystemI::createSoundInternal             : exinfo->fileoffset         = 41856
[LOG] SystemI::createSoundInternal             : exinfo->numsubsounds       = 1
[LOG] SystemI::createSoundInternal             : exinfo->inclusionlist      = 0x70000ce018ac
[LOG] SystemI::createSoundInternal             : exinfo->inclusionlistnum   = 1
[LOG] SystemI::createSoundInternal             : exinfo->suggestedsoundtype = 5
[LOG] SystemI::createSoundInternal             : exinfo->useropen           = 0x14efb4f76
[LOG] SystemI::createSoundInternal             : exinfo->userclose          = 0x14efb502d
[LOG] SystemI::createSoundInternal             : exinfo->userread           = 0x14efb505d
[LOG] SystemI::createSoundInternal             : exinfo->userseek           = 0x14efb50fe
[LOG] SystemI::createSoundInternal             : exinfo->fileuserdata       = 0x14cbe6448
[LOG] SystemI::createSoundInternal             : exinfo->initialseekpostype = 1
[LOG] SystemI::DSPCodecPoolRegister            : register codec pool for pool type 5
[LOG] SystemI::createSoundInternal             : Sample 0/1: name='VO_Mom_18', format=2, channels=2, frequency=48000, lengthbytes=51840, lengthpcm=186000, pcmblocksize=0, loopstart=0, loopend=0, mode=0x00000000, channelmask=0x00000000, channelorder=0, peakvolume=1.000000.
[LOG] SystemI::createSoundInternal             : Create name='', mode=0x02000202
[LOG] SystemI::createSoundInternal             : exinfo->cbsize             = 232
[LOG] SystemI::createSoundInternal             : exinfo->length             = 4455776
[LOG] SystemI::createSoundInternal             : exinfo->fileoffset         = 41856
[LOG] SystemI::createSoundInternal             : exinfo->numsubsounds       = 1
[LOG] SystemI::createSoundInternal             : exinfo->inclusionlist      = 0x70000ce018ac
[LOG] SystemI::createSoundInternal             : exinfo->inclusionlistnum   = 1
[LOG] SystemI::createSoundInternal             : exinfo->suggestedsoundtype = 5
[LOG] SystemI::createSoundInternal             : exinfo->useropen           = 0x14efb4f76
[LOG] SystemI::createSoundInternal             : exinfo->userclose          = 0x14efb502d
[LOG] SystemI::createSoundInternal             : exinfo->userread           = 0x14efb505d
[LOG] SystemI::createSoundInternal             : exinfo->userseek           = 0x14efb50fe
[LOG] SystemI::createSoundInternal             : exinfo->fileuserdata       = 0x14cbe6448
[LOG] SystemI::createSoundInternal             : exinfo->initialseekpostype = 1
[LOG] SystemI::DSPCodecPoolRegister            : register codec pool for pool type 5
[LOG] SystemI::createSoundInternal             : Sample 0/1: name='VO_Mom_19', format=2, channels=2, frequency=48000, lengthbytes=80672, lengthpcm=310500, pcmblocksize=0, loopstart=0, loopend=0, mode=0x00000000, channelmask=0x00000000, channelorder=0, peakvolume=1.000000.
[LOG] SystemI::createSoundInternal             : Create name='', mode=0x02000202
[LOG] SystemI::createSoundInternal             : exinfo->cbsize             = 232
[LOG] SystemI::createSoundInternal             : exinfo->length             = 4455776
[LOG] SystemI::createSoundInternal             : exinfo->fileoffset         = 41856
[LOG] SystemI::createSoundInternal             : exinfo->numsubsounds       = 1
[LOG] SystemI::createSoundInternal             : exinfo->inclusionlist      = 0x70000ce018ac
[LOG] SystemI::createSoundInternal             : exinfo->inclusionlistnum   = 1
[LOG] SystemI::createSoundInternal             : exinfo->suggestedsoundtype = 5
[LOG] SystemI::createSoundInternal             : exinfo->useropen           = 0x14efb4f76
[LOG] SystemI::createSoundInternal             : exinfo->userclose          = 0x14efb502d
[LOG] SystemI::createSoundInternal             : exinfo->userread           = 0x14efb505d
[LOG] SystemI::createSoundInternal             : exinfo->userseek           = 0x14efb50fe
[LOG] SystemI::createSoundInternal             : exinfo->fileuserdata       = 0x157d49c28
[LOG] SystemI::createSoundInternal             : exinfo->initialseekpostype = 1
[LOG] SystemI::DSPCodecPoolRegister            : register codec pool for pool type 5
[LOG] SystemI::createSoundInternal             : Sample 0/1: name='SFX_PowerUp_Battery', format=2, channels=2, frequency=48000, lengthbytes=26656, lengthpcm=144000, pcmblocksize=0, loopstart=0, loopend=0, mode=0x00000000, channelmask=0x00000000, channelorder=0, peakvolume=1.000000.
[LOG] SystemI::createSoundInternal             : Create name='', mode=0x02000202
[LOG] SystemI::createSoundInternal             : exinfo->cbsize             = 232
[LOG] SystemI::createSoundInternal             : exinfo->length             = 4455776
[LOG] SystemI::createSoundInternal             : exinfo->fileoffset         = 41856
[LOG] SystemI::createSoundInternal             : exinfo->numsubsounds       = 1
[LOG] SystemI::createSoundInternal             : exinfo->inclusionlist      = 0x70000ce018ac
[LOG] SystemI::createSoundInternal             : exinfo->inclusionlistnum   = 1
[LOG] SystemI::createSoundInternal             : exinfo->suggestedsoundtype = 5
[LOG] SystemI::createSoundInternal             : exinfo->useropen           = 0x14efb4f76
[LOG] SystemI::createSoundInternal             : exinfo->userclose          = 0x14efb502d
[LOG] SystemI::createSoundInternal             : exinfo->userread           = 0x14efb505d
[LOG] SystemI::createSoundInternal             : exinfo->userseek           = 0x14efb50fe
[LOG] SystemI::createSoundInternal             : exinfo->fileuserdata       = 0x14a1d1ad8
[LOG] SystemI::createSoundInternal             : exinfo->initialseekpostype = 1
[LOG] SystemI::DSPCodecPoolRegister            : register codec pool for pool type 5
[LOG] SystemI::createSoundInternal             : Sample 0/1: name='SFX_Player_Fall', format=2, channels=2, frequency=48000, lengthbytes=5696, lengthpcm=23388, pcmblocksize=0, loopstart=0, loopend=0, mode=0x00000000, channelmask=0x00000000, channelorder=0, peakvolume=1.000000.
[LOG] SoundI::release                          :  (0x14cba5a08)
[LOG] SoundI::release                          :     SFX_DoorOpen (0x14cbac1b8)
[LOG] SoundI::release                          :  (0x13dd931b8)
[LOG] SoundI::release                          :     SFX_Player_Jump (0x13dd13af8)
[LOG] SoundI::release                          :  (0x14cbf09e8)
[LOG] SoundI::release                          :     SFX_DoorSlam (0x14cbf0b58)
[LOG] SoundI::release                          :  (0x14cb95f18)
[LOG] SoundI::release                          :     SFX_Player_Fall (0x14cb930e8)
[LOG] SoundI::release                          :  (0x157d43fb8)
[LOG] SoundI::release                          :     SFX_PowerUp_Battery (0x157d27e08)
[LOG] SoundI::release                          :  (0x14a1cd798)
[LOG] SoundI::release                          :     VO_Mom_1 (0x14a1cd908)
[LOG] SoundI::release                          :  (0x14a1ce7c8)
[LOG] SoundI::release                          :     VO_Mom_10 (0x14a1ce938)
[LOG] SoundI::release                          :  (0x14a1ce318)
[LOG] SoundI::release                          :     VO_Mom_11 (0x14a1ce488)
[LOG] SoundI::release                          :  (0x14a1cf5d8)
[LOG] SoundI::release                          :     VO_Mom_12 (0x14a1cf748)
[LOG] SoundI::release                          :  (0x14a1bfca8)
[LOG] SoundI::release                          :     VO_Mom_13 (0x14a1ccaf8)
[LOG] SoundI::release                          :  (0x14cbd21e8)
[LOG] SoundI::release                          :     VO_Mom_14 (0x10e537068)
[LOG] SoundI::release                          :  (0x14a1cf128)
[LOG] SoundI::release                          :     VO_Mom_15 (0x14a1cf298)
[LOG] SoundI::release                          :  (0x14a1cce38)
[LOG] SoundI::release                          :     VO_Mom_16 (0x14a1ccfa8)
[LOG] SoundI::release                          :  (0x14a1cff38)
[LOG] SoundI::release                          :     VO_Mom_17 (0x14a1d00a8)
[LOG] SoundI::release                          :  (0x14a1d03e8)
[LOG] SoundI::release                          :     VO_Mom_18 (0x14a1d0558)
[LOG] SoundI::release                          :  (0x14a1d0898)
[LOG] SoundI::release                          :     VO_Mom_19 (0x14a1d0a08)
[LOG] SoundI::release                          :  (0x14a1cbc58)
[LOG] SoundI::release                          :     VO_Mom_2 (0x14a1cbdc8)
[LOG] SoundI::release                          : AMB_RoomTone (0x13ae38168)
[LOG] SoundI::release                          :     AMB_RoomTone (0x10e591ea8)
[LOG] SoundI::release                          :     AMB_RoomTone (0x10e54dbb8)
[LOG] SystemI::createSoundInternal             : Create name='', mode=0x02000202
[LOG] SystemI::createSoundInternal             : exinfo->cbsize             = 232
[LOG] SystemI::createSoundInternal             : exinfo->length             = 4455776
[LOG] SystemI::createSoundInternal             : exinfo->fileoffset         = 41856
[LOG] SystemI::createSoundInternal             : exinfo->numsubsounds       = 1
[LOG] SystemI::createSoundInternal             : exinfo->inclusionlist      = 0x70000ce018ac
[LOG] SystemI::createSoundInternal             : exinfo->inclusionlistnum   = 1
[LOG] SystemI::createSoundInternal             : exinfo->suggestedsoundtype = 5
[LOG] SystemI::createSoundInternal             : exinfo->useropen           = 0x14efb4f76
[LOG] SystemI::createSoundInternal             : exinfo->userclose          = 0x14efb502d
[LOG] SystemI::createSoundInternal             : exinfo->userread           = 0x14efb505d
[LOG] SystemI::createSoundInternal             : exinfo->userseek           = 0x14efb50fe
[LOG] SystemI::createSoundInternal             : exinfo->fileuserdata       = 0x10e591ea8
[LOG] SystemI::createSoundInternal             : exinfo->initialseekpostype = 1
[LOG] SystemI::DSPCodecPoolRegister            : register codec pool for pool type 5
[LOG] SystemI::createSoundInternal             : Sample 0/1: name='SFX_DoorOpen', format=2, channels=2, frequency=48000, lengthbytes=24000, lengthpcm=90000, pcmblocksize=0, loopstart=0, loopend=0, mode=0x00000000, channelmask=0x00000000, channelorder=0, peakvolume=1.000000.
[LOG] SoundI::release                          :  (0x14a1cde68)
[LOG] SoundI::release                          :     VO_Mom_3 (0x14a1cdfd8)
[LOG] SoundI::release                          :  (0x14a1cc108)
[LOG] SoundI::release                          :     VO_Mom_4 (0x14a1cc278)
[LOG] SystemI::createSoundInternal             : Create name='', mode=0x02000202
[LOG] SystemI::createSoundInternal             : exinfo->cbsize             = 232
[LOG] SystemI::createSoundInternal             : exinfo->length             = 4455776
[LOG] SystemI::createSoundInternal             : exinfo->fileoffset         = 41856
[LOG] SystemI::createSoundInternal             : exinfo->numsubsounds       = 1
[LOG] SystemI::createSoundInternal             : exinfo->inclusionlist      = 0x70000ce018ac
[LOG] SystemI::createSoundInternal             : exinfo->inclusionlistnum   = 1
[LOG] SystemI::createSoundInternal             : exinfo->suggestedsoundtype = 5
[LOG] SystemI::createSoundInternal             : exinfo->useropen           = 0x14efb4f76
[LOG] SystemI::createSoundInternal             : exinfo->userclose          = 0x14efb502d
[LOG] SystemI::createSoundInternal             : exinfo->userread           = 0x14efb505d
[LOG] SystemI::createSoundInternal             : exinfo->userseek           = 0x14efb50fe
[LOG] SystemI::createSoundInternal             : exinfo->fileuserdata       = 0x141c14c68
[LOG] SystemI::createSoundInternal             : exinfo->initialseekpostype = 1
[LOG] SystemI::DSPCodecPoolRegister            : register codec pool for pool type 5
[LOG] SystemI::createSoundInternal             : Sample 0/1: name='VO_Mom_14', format=2, channels=2, frequency=48000, lengthbytes=93824, lengthpcm=360000, pcmblocksize=0, loopstart=0, loopend=0, mode=0x00000000, channelmask=0x00000000, channelorder=0, peakvolume=1.000000.
[LOG] SystemI::createSoundInternal             : Create name='', mode=0x02000202
[LOG] SystemI::createSoundInternal             : exinfo->cbsize             = 232
[LOG] SystemI::createSoundInternal             : exinfo->length             = 4455776
[LOG] SystemI::createSoundInternal             : exinfo->fileoffset         = 41856
[LOG] SystemI::createSoundInternal             : exinfo->numsubsounds       = 1
[LOG] SystemI::createSoundInternal             : exinfo->inclusionlist      = 0x70000ce018ac
[LOG] SystemI::createSoundInternal             : exinfo->inclusionlistnum   = 1
[LOG] SystemI::createSoundInternal             : exinfo->suggestedsoundtype = 5
[LOG] SystemI::createSoundInternal             : exinfo->useropen           = 0x14efb4f76
[LOG] SystemI::createSoundInternal             : exinfo->userclose          = 0x14efb502d
[LOG] SystemI::createSoundInternal             : exinfo->userread           = 0x14efb505d
[LOG] SystemI::createSoundInternal             : exinfo->userseek           = 0x14efb50fe
[LOG] SystemI::createSoundInternal             : exinfo->fileuserdata       = 0x141c14c68
[LOG] SystemI::createSoundInternal             : exinfo->initialseekpostype = 1
[LOG] SystemI::DSPCodecPoolRegister            : register codec pool for pool type 5
[LOG] SystemI::createSoundInternal             : Sample 0/1: name='VO_Mom_2', format=2, channels=2, frequency=48000, lengthbytes=52896, lengthpcm=201948, pcmblocksize=0, loopstart=0, loopend=0, mode=0x00000000, channelmask=0x00000000, channelorder=0, peakvolume=1.000000.
[LOG] SystemI::createSoundInternal             : Create name='', mode=0x02000202
[LOG] SystemI::createSoundInternal             : exinfo->cbsize             = 232
[LOG] SystemI::createSoundInternal             : exinfo->length             = 4455776
[LOG] SystemI::createSoundInternal             : exinfo->fileoffset         = 41856
[LOG] SystemI::createSoundInternal             : exinfo->numsubsounds       = 1
[LOG] SystemI::createSoundInternal             : exinfo->inclusionlist      = 0x70000ce018ac
[LOG] SystemI::createSoundInternal             : exinfo->inclusionlistnum   = 1
[LOG] SystemI::createSoundInternal             : exinfo->suggestedsoundtype = 5
[LOG] SystemI::createSoundInternal             : exinfo->useropen           = 0x14efb4f76
[LOG] SystemI::createSoundInternal             : exinfo->userclose          = 0x14efb502d
[LOG] SystemI::createSoundInternal             : exinfo->userread           = 0x14efb505d
[LOG] SystemI::createSoundInternal             : exinfo->userseek           = 0x14efb50fe
[LOG] SystemI::createSoundInternal             : exinfo->fileuserdata       = 0x141c14c68
[LOG] SystemI::createSoundInternal             : exinfo->initialseekpostype = 1
[LOG] SystemI::DSPCodecPoolRegister            : register codec pool for pool type 5
[LOG] SystemI::createSoundInternal             : Sample 0/1: name='VO_Mom_4', format=2, channels=2, frequency=48000, lengthbytes=34304, lengthpcm=119727, pcmblocksize=0, loopstart=0, loopend=0, mode=0x00000000, channelmask=0x00000000, channelorder=0, peakvolume=1.000000.
[LOG] SystemI::createSoundInternal             : Create name='', mode=0x02000202
[LOG] SystemI::createSoundInternal             : exinfo->cbsize             = 232
[LOG] SystemI::createSoundInternal             : exinfo->length             = 4455776
[LOG] SystemI::createSoundInternal             : exinfo->fileoffset         = 41856
[LOG] SystemI::createSoundInternal             : exinfo->numsubsounds       = 1
[LOG] SystemI::createSoundInternal             : exinfo->inclusionlist      = 0x70000ce018ac
[LOG] SystemI::createSoundInternal             : exinfo->inclusionlistnum   = 1
[LOG] SystemI::createSoundInternal             : exinfo->suggestedsoundtype = 5
[LOG] SystemI::createSoundInternal             : exinfo->useropen           = 0x14efb4f76
[LOG] SystemI::createSoundInternal             : exinfo->userclose          = 0x14efb502d
[LOG] SystemI::createSoundInternal             : exinfo->userread           = 0x14efb505d
[LOG] SystemI::createSoundInternal             : exinfo->userseek           = 0x14efb50fe
[LOG] SystemI::createSoundInternal             : exinfo->fileuserdata       = 0x141c14c68
[LOG] SystemI::createSoundInternal             : exinfo->initialseekpostype = 1
[LOG] SystemI::DSPCodecPoolRegister            : register codec pool for pool type 5
[LOG] SystemI::createSoundInternal             : Sample 0/1: name='VO_Mom_13', format=2, channels=2, frequency=48000, lengthbytes=41280, lengthpcm=147750, pcmblocksize=0, loopstart=0, loopend=0, mode=0x00000000, channelmask=0x00000000, channelorder=0, peakvolume=1.000000.
[LOG] SystemI::createSoundInternal             : Create name='', mode=0x02000202
[LOG] SystemI::createSoundInternal             : exinfo->cbsize             = 232
[LOG] SystemI::createSoundInternal             : exinfo->length             = 4455776
[LOG] SystemI::createSoundInternal             : exinfo->fileoffset         = 41856
[LOG] SystemI::createSoundInternal             : exinfo->numsubsounds       = 1
[LOG] SystemI::createSoundInternal             : exinfo->inclusionlist      = 0x70000ce018ac
[LOG] SystemI::createSoundInternal             : exinfo->inclusionlistnum   = 1
[LOG] SystemI::createSoundInternal             : exinfo->suggestedsoundtype = 5
[LOG] SystemI::createSoundInternal             : exinfo->useropen           = 0x14efb4f76
[LOG] SystemI::createSoundInternal             : exinfo->userclose          = 0x14efb502d
[LOG] SystemI::createSoundInternal             : exinfo->userread           = 0x14efb505d
[LOG] SystemI::createSoundInternal             : exinfo->userseek           = 0x14efb50fe
[LOG] SystemI::createSoundInternal             : exinfo->fileuserdata       = 0x141c14c68
[LOG] SystemI::createSoundInternal             : exinfo->initialseekpostype = 1
[LOG] SystemI::DSPCodecPoolRegister            : register codec pool for pool type 5
[LOG] SystemI::createSoundInternal             : Sample 0/1: name='VO_Mom_16', format=2, channels=2, frequency=48000, lengthbytes=24960, lengthpcm=84000, pcmblocksize=0, loopstart=0, loopend=0, mode=0x00000000, channelmask=0x00000000, channelorder=0, peakvolume=1.000000.
[LOG] SystemI::createSoundInternal             : Create name='', mode=0x02000202
[LOG] SystemI::createSoundInternal             : exinfo->cbsize             = 232
[LOG] SystemI::createSoundInternal             : exinfo->length             = 4455776
[LOG] SystemI::createSoundInternal             : exinfo->fileoffset         = 41856
[LOG] SystemI::createSoundInternal             : exinfo->numsubsounds       = 1
[LOG] SystemI::createSoundInternal             : exinfo->inclusionlist      = 0x70000ce018ac
[LOG] SystemI::createSoundInternal             : exinfo->inclusionlistnum   = 1
[LOG] SystemI::createSoundInternal             : exinfo->suggestedsoundtype = 5
[LOG] SystemI::createSoundInternal             : exinfo->useropen           = 0x14efb4f76
[LOG] SystemI::createSoundInternal             : exinfo->userclose          = 0x14efb502d
[LOG] SystemI::createSoundInternal             : exinfo->userread           = 0x14efb505d
[LOG] SystemI::createSoundInternal             : exinfo->userseek           = 0x14efb50fe
[LOG] SystemI::createSoundInternal             : exinfo->fileuserdata       = 0x141c14c68
[LOG] SystemI::createSoundInternal             : exinfo->initialseekpostype = 1
[LOG] SystemI::DSPCodecPoolRegister            : register codec pool for pool type 5
[LOG] SystemI::createSoundInternal             : Sample 0/1: name='VO_Mom_1', format=2, channels=2, frequency=48000, lengthbytes=512, lengthpcm=169500, pcmblocksize=0, loopstart=0, loopend=0, mode=0x00000000, channelmask=0x00000000, channelorder=0, peakvolume=0.000000.
[LOG] SystemI::createSoundInternal             : Create name='', mode=0x02000202
[LOG] SystemI::createSoundInternal             : exinfo->cbsize             = 232
[LOG] SystemI::createSoundInternal             : exinfo->length             = 4455776
[LOG] SystemI::createSoundInternal             : exinfo->fileoffset         = 41856
[LOG] SystemI::createSoundInternal             : exinfo->numsubsounds       = 1
[LOG] SystemI::createSoundInternal             : exinfo->inclusionlist      = 0x70000ce018ac
[LOG] SystemI::createSoundInternal             : exinfo->inclusionlistnum   = 1
[LOG] SystemI::createSoundInternal             : exinfo->suggestedsoundtype = 5
[LOG] SystemI::createSoundInternal             : exinfo->useropen           = 0x14efb4f76
[LOG] SystemI::createSoundInternal             : exinfo->userclose          = 0x14efb502d
[LOG] SystemI::createSoundInternal             : exinfo->userread           = 0x14efb505d
[LOG] SystemI::createSoundInternal             : exinfo->userseek           = 0x14efb50fe
[LOG] SystemI::createSoundInternal             : exinfo->fileuserdata       = 0x141c14c68
[LOG] SystemI::createSoundInternal             : exinfo->initialseekpostype = 1
[LOG] SystemI::DSPCodecPoolRegister            : register codec pool for pool type 5
[LOG] SystemI::createSoundInternal             : Sample 0/1: name='VO_Mom_3', format=2, channels=2, frequency=48000, lengthbytes=24448, lengthpcm=90000, pcmblocksize=0, loopstart=0, loopend=0, mode=0x00000000, channelmask=0x00000000, channelorder=0, peakvolume=1.000000.
[LOG] SystemI::createSoundInternal             : Create name='', mode=0x02000202
[LOG] SystemI::createSoundInternal             : exinfo->cbsize             = 232
[LOG] SystemI::createSoundInternal             : exinfo->length             = 4455776
[LOG] SystemI::createSoundInternal             : exinfo->fileoffset         = 41856
[LOG] SystemI::createSoundInternal             : exinfo->numsubsounds       = 1
[LOG] SystemI::createSoundInternal             : exinfo->inclusionlist      = 0x70000ce018ac
[LOG] SystemI::createSoundInternal             : exinfo->inclusionlistnum   = 1
[LOG] SystemI::createSoundInternal             : exinfo->suggestedsoundtype = 5
[LOG] SystemI::createSoundInternal             : exinfo->useropen           = 0x14efb4f76
[LOG] SystemI::createSoundInternal             : exinfo->userclose          = 0x14efb502d
[LOG] SystemI::createSoundInternal             : exinfo->userread           = 0x14efb505d
[LOG] SystemI::createSoundInternal             : exinfo->userseek           = 0x14efb50fe
[LOG] SystemI::createSoundInternal             : exinfo->fileuserdata       = 0x141c14c68
[LOG] SystemI::createSoundInternal             : exinfo->initialseekpostype = 1
[LOG] SystemI::DSPCodecPoolRegister            : register codec pool for pool type 5
[LOG] SystemI::createSoundInternal             : Sample 0/1: name='VO_Mom_11', format=2, channels=2, frequency=48000, lengthbytes=30848, lengthpcm=114000, pcmblocksize=0, loopstart=0, loopend=0, mode=0x00000000, channelmask=0x00000000, channelorder=0, peakvolume=1.000000.
[LOG] SystemI::createSoundInternal             : Create name='', mode=0x02000202
[LOG] SystemI::createSoundInternal             : exinfo->cbsize             = 232
[LOG] SystemI::createSoundInternal             : exinfo->length             = 4455776
[LOG] SystemI::createSoundInternal             : exinfo->fileoffset         = 41856
[LOG] SystemI::createSoundInternal             : exinfo->numsubsounds       = 1
[LOG] SystemI::createSoundInternal             : exinfo->inclusionlist      = 0x70000ce018ac
[LOG] SystemI::createSoundInternal             : exinfo->inclusionlistnum   = 1
[LOG] SystemI::createSoundInternal             : exinfo->suggestedsoundtype = 5
[LOG] SystemI::createSoundInternal             : exinfo->useropen           = 0x14efb4f76
[LOG] SystemI::createSoundInternal             : exinfo->userclose          = 0x14efb502d
[LOG] SystemI::createSoundInternal             : exinfo->userread           = 0x14efb505d
[LOG] SystemI::createSoundInternal             : exinfo->userseek           = 0x14efb50fe
[LOG] SystemI::createSoundInternal             : exinfo->fileuserdata       = 0x141c14c68
[LOG] SystemI::createSoundInternal             : exinfo->initialseekpostype = 1
[LOG] SystemI::DSPCodecPoolRegister            : register codec pool for pool type 5
[LOG] SystemI::createSoundInternal             : Sample 0/1: name='VO_Mom_10', format=2, channels=2, frequency=48000, lengthbytes=71712, lengthpcm=264000, pcmblocksize=0, loopstart=0, loopend=0, mode=0x00000000, channelmask=0x00000000, channelorder=0, peakvolume=1.000000.
[LOG] SystemI::createSoundInternal             : Create name='', mode=0x02000202
[LOG] SystemI::createSoundInternal             : exinfo->cbsize             = 232
[LOG] SystemI::createSoundInternal             : exinfo->length             = 4455776
[LOG] SystemI::createSoundInternal             : exinfo->fileoffset         = 41856
[LOG] SystemI::createSoundInternal             : exinfo->numsubsounds       = 1
[LOG] SystemI::createSoundInternal             : exinfo->inclusionlist      = 0x70000ce018ac
[LOG] SystemI::createSoundInternal             : exinfo->inclusionlistnum   = 1
[LOG] SystemI::createSoundInternal             : exinfo->suggestedsoundtype = 5
[LOG] SystemI::createSoundInternal             : exinfo->useropen           = 0x14efb4f76
[LOG] SystemI::createSoundInternal             : exinfo->userclose          = 0x14efb502d
[LOG] SystemI::createSoundInternal             : exinfo->userread           = 0x14efb505d
[LOG] SystemI::createSoundInternal             : exinfo->userseek           = 0x14efb50fe
[LOG] SystemI::createSoundInternal             : exinfo->fileuserdata       = 0x141c14c68
[LOG] SystemI::createSoundInternal             : exinfo->initialseekpostype = 1
[LOG] SystemI::DSPCodecPoolRegister            : register codec pool for pool type 5
[LOG] SystemI::createSoundInternal             : Sample 0/1: name='VO_Mom_15', format=2, channels=2, frequency=48000, lengthbytes=46080, lengthpcm=168000, pcmblocksize=0, loopstart=0, loopend=0, mode=0x00000000, channelmask=0x00000000, channelorder=0, peakvolume=1.000000.
[LOG] SystemI::createSoundInternal             : Create name='', mode=0x02000202
[LOG] SystemI::createSoundInternal             : exinfo->cbsize             = 232
[LOG] SystemI::createSoundInternal             : exinfo->length             = 4455776
[LOG] SystemI::createSoundInternal             : exinfo->fileoffset         = 41856
[LOG] SystemI::createSoundInternal             : exinfo->numsubsounds       = 1
[LOG] SystemI::createSoundInternal             : exinfo->inclusionlist      = 0x70000ce018ac
[LOG] SystemI::createSoundInternal             : exinfo->inclusionlistnum   = 1
[LOG] SystemI::createSoundInternal             : exinfo->suggestedsoundtype = 5
[LOG] SystemI::createSoundInternal             : exinfo->useropen           = 0x14efb4f76
[LOG] SystemI::createSoundInternal             : exinfo->userclose          = 0x14efb502d
[LOG] SystemI::createSoundInternal             : exinfo->userread           = 0x14efb505d
[LOG] SystemI::createSoundInternal             : exinfo->userseek           = 0x14efb50fe
[LOG] SystemI::createSoundInternal             : exinfo->fileuserdata       = 0x141c14c68
[LOG] SystemI::createSoundInternal             : exinfo->initialseekpostype = 1
[LOG] SystemI::DSPCodecPoolRegister            : register codec pool for pool type 5
[LOG] SystemI::createSoundInternal             : Sample 0/1: name='VO_Mom_12', format=2, channels=2, frequency=48000, lengthbytes=52800, lengthpcm=193500, pcmblocksize=0, loopstart=0, loopend=0, mode=0x00000000, channelmask=0x00000000, channelorder=0, peakvolume=1.000000.
[LOG] SystemI::createSoundInternal             : Create name='', mode=0x02000202
[LOG] SystemI::createSoundInternal             : exinfo->cbsize             = 232
[LOG] SystemI::createSoundInternal             : exinfo->length             = 4455776
[LOG] SystemI::createSoundInternal             : exinfo->fileoffset         = 41856
[LOG] SystemI::createSoundInternal             : exinfo->numsubsounds       = 1
[LOG] SystemI::createSoundInternal             : exinfo->inclusionlist      = 0x70000ce018ac
[LOG] SystemI::createSoundInternal             : exinfo->inclusionlistnum   = 1
[LOG] SystemI::createSoundInternal             : exinfo->suggestedsoundtype = 5
[LOG] SystemI::createSoundInternal             : exinfo->useropen           = 0x14efb4f76
[LOG] SystemI::createSoundInternal             : exinfo->userclose          = 0x14efb502d
[LOG] SystemI::createSoundInternal             : exinfo->userread           = 0x14efb505d
[LOG] SystemI::createSoundInternal             : exinfo->userseek           = 0x14efb50fe
[LOG] SystemI::createSoundInternal             : exinfo->fileuserdata       = 0x141c14c68
[LOG] SystemI::createSoundInternal             : exinfo->initialseekpostype = 1
[LOG] SystemI::DSPCodecPoolRegister            : register codec pool for pool type 5
[LOG] SystemI::createSoundInternal             : Sample 0/1: name='VO_Mom_17', format=2, channels=2, frequency=48000, lengthbytes=63808, lengthpcm=241500, pcmblocksize=0, loopstart=0, loopend=0, mode=0x00000000, channelmask=0x00000000, channelorder=0, peakvolume=1.000000.
[LOG] SystemI::createSoundInternal             : Create name='', mode=0x02000202
[LOG] SystemI::createSoundInternal             : exinfo->cbsize             = 232
[LOG] SystemI::createSoundInternal             : exinfo->length             = 4455776
[LOG] SystemI::createSoundInternal             : exinfo->fileoffset         = 41856
[LOG] SystemI::createSoundInternal             : exinfo->numsubsounds       = 1
[LOG] SystemI::createSoundInternal             : exinfo->inclusionlist      = 0x70000ce018ac
[LOG] SystemI::createSoundInternal             : exinfo->inclusionlistnum   = 1
[LOG] SystemI::createSoundInternal             : exinfo->suggestedsoundtype = 5
[LOG] SystemI::createSoundInternal             : exinfo->useropen           = 0x14efb4f76
[LOG] SystemI::createSoundInternal             : exinfo->userclose          = 0x14efb502d
[LOG] SystemI::createSoundInternal             : exinfo->userread           = 0x14efb505d
[LOG] SystemI::createSoundInternal             : exinfo->userseek           = 0x14efb50fe
[LOG] SystemI::createSoundInternal             : exinfo->fileuserdata       = 0x141c14c68
[LOG] SystemI::createSoundInternal             : exinfo->initialseekpostype = 1
[LOG] SystemI::DSPCodecPoolRegister            : register codec pool for pool type 5
[LOG] SystemI::createSoundInternal             : Sample 0/1: name='VO_Mom_18', format=2, channels=2, frequency=48000, lengthbytes=51840, lengthpcm=186000, pcmblocksize=0, loopstart=0, loopend=0, mode=0x00000000, channelmask=0x00000000, channelorder=0, peakvolume=1.000000.
[LOG] SystemI::createSoundInternal             : Create name='', mode=0x02000202
[LOG] SystemI::createSoundInternal             : exinfo->cbsize             = 232
[LOG] SystemI::createSoundInternal             : exinfo->length             = 4455776
[LOG] SystemI::createSoundInternal             : exinfo->fileoffset         = 41856
[LOG] SystemI::createSoundInternal             : exinfo->numsubsounds       = 1
[LOG] SystemI::createSoundInternal             : exinfo->inclusionlist      = 0x70000ce018ac
[LOG] SystemI::createSoundInternal             : exinfo->inclusionlistnum   = 1
[LOG] SystemI::createSoundInternal             : exinfo->suggestedsoundtype = 5
[LOG] SystemI::createSoundInternal             : exinfo->useropen           = 0x14efb4f76
[LOG] SystemI::createSoundInternal             : exinfo->userclose          = 0x14efb502d
[LOG] SystemI::createSoundInternal             : exinfo->userread           = 0x14efb505d
[LOG] SystemI::createSoundInternal             : exinfo->userseek           = 0x14efb50fe
[LOG] SystemI::createSoundInternal             : exinfo->fileuserdata       = 0x141c14c68
[LOG] SystemI::createSoundInternal             : exinfo->initialseekpostype = 1
[LOG] SystemI::DSPCodecPoolRegister            : register codec pool for pool type 5
[LOG] SystemI::createSoundInternal             : Sample 0/1: name='VO_Mom_19', format=2, channels=2, frequency=48000, lengthbytes=80672, lengthpcm=310500, pcmblocksize=0, loopstart=0, loopend=0, mode=0x00000000, channelmask=0x00000000, channelorder=0, peakvolume=1.000000.
[LOG] SystemI::createSoundInternal             : Create name='', mode=0x02000202
[LOG] SystemI::createSoundInternal             : exinfo->cbsize             = 232
[LOG] SystemI::createSoundInternal             : exinfo->length             = 4455776
[LOG] SystemI::createSoundInternal             : exinfo->fileoffset         = 41856
[LOG] SystemI::createSoundInternal             : exinfo->numsubsounds       = 1
[LOG] SystemI::createSoundInternal             : exinfo->inclusionlist      = 0x70000ce018ac
[LOG] SystemI::createSoundInternal             : exinfo->inclusionlistnum   = 1
[LOG] SystemI::createSoundInternal             : exinfo->suggestedsoundtype = 5
[LOG] SystemI::createSoundInternal             : exinfo->useropen           = 0x14efb4f76
[LOG] SystemI::createSoundInternal             : exinfo->userclose          = 0x14efb502d
[LOG] SystemI::createSoundInternal             : exinfo->userread           = 0x14efb505d
[LOG] SystemI::createSoundInternal             : exinfo->userseek           = 0x14efb50fe
[LOG] SystemI::createSoundInternal             : exinfo->fileuserdata       = 0x157d5e378
[LOG] SystemI::createSoundInternal             : exinfo->initialseekpostype = 1
[LOG] SystemI::DSPCodecPoolRegister            : register codec pool for pool type 5
[LOG] SystemI::createSoundInternal             : Sample 0/1: name='SFX_Player_Jump', format=2, channels=2, frequency=48000, lengthbytes=2784, lengthpcm=11210, pcmblocksize=0, loopstart=0, loopend=0, mode=0x00000000, channelmask=0x00000000, channelorder=0, peakvolume=1.000000.
[LOG] SystemI::createSoundInternal             : Create name='', mode=0x02000202
[LOG] SystemI::createSoundInternal             : exinfo->cbsize             = 232
[LOG] SystemI::createSoundInternal             : exinfo->length             = 4455776
[LOG] SystemI::createSoundInternal             : exinfo->fileoffset         = 41856
[LOG] SystemI::createSoundInternal             : exinfo->numsubsounds       = 1
[LOG] SystemI::createSoundInternal             : exinfo->inclusionlist      = 0x70000ce018ac
[LOG] SystemI::createSoundInternal             : exinfo->inclusionlistnum   = 1
[LOG] SystemI::createSoundInternal             : exinfo->suggestedsoundtype = 5
[LOG] SystemI::createSoundInternal             : exinfo->useropen           = 0x14efb4f76
[LOG] SystemI::createSoundInternal             : exinfo->userclose          = 0x14efb502d
[LOG] SystemI::createSoundInternal             : exinfo->userread           = 0x14efb505d
[LOG] SystemI::createSoundInternal             : exinfo->userseek           = 0x14efb50fe
[LOG] SystemI::createSoundInternal             : exinfo->fileuserdata       = 0x13acbfad8
[LOG] SystemI::createSoundInternal             : exinfo->initialseekpostype = 1
[LOG] SystemI::DSPCodecPoolRegister            : register codec pool for pool type 5
[LOG] SystemI::createSoundInternal             : Sample 0/1: name='SFX_Player_Fall', format=2, channels=2, frequency=48000, lengthbytes=5696, lengthpcm=23388, pcmblocksize=0, loopstart=0, loopend=0, mode=0x00000000, channelmask=0x00000000, channelorder=0, peakvolume=1.000000.
[LOG] SystemI::createSoundInternal             : Create name='', mode=0x02000202
[LOG] SystemI::createSoundInternal             : exinfo->cbsize             = 232
[LOG] SystemI::createSoundInternal             : exinfo->length             = 4455776
[LOG] SystemI::createSoundInternal             : exinfo->fileoffset         = 41856
[LOG] SystemI::createSoundInternal             : exinfo->numsubsounds       = 1
[LOG] SystemI::createSoundInternal             : exinfo->inclusionlist      = 0x70000ce018ac
[LOG] SystemI::createSoundInternal             : exinfo->inclusionlistnum   = 1
[LOG] SystemI::createSoundInternal             : exinfo->suggestedsoundtype = 5
[LOG] SystemI::createSoundInternal             : exinfo->useropen           = 0x14efb4f76
[LOG] SystemI::createSoundInternal             : exinfo->userclose          = 0x14efb502d
[LOG] SystemI::createSoundInternal             : exinfo->userread           = 0x14efb505d
[LOG] SystemI::createSoundInternal             : exinfo->userseek           = 0x14efb50fe
[LOG] SystemI::createSoundInternal             : exinfo->fileuserdata       = 0x157d66ed8
[LOG] SystemI::createSoundInternal             : exinfo->initialseekpostype = 1
[LOG] SystemI::DSPCodecPoolRegister            : register codec pool for pool type 5
[LOG] SystemI::createSoundInternal             : Sample 0/1: name='SFX_DoorSlam', format=2, channels=2, frequency=48000, lengthbytes=7712, lengthpcm=27000, pcmblocksize=0, loopstart=0, loopend=0, mode=0x00000000, channelmask=0x00000000, channelorder=0, peakvolume=1.000000.
[LOG] SoundI::release                          :  (0x157d5e968)
[LOG] SoundI::release                          :     SFX_Player_Jump (0x157d5ead8)
[LOG] SoundI::release                          :  (0x14cbb5418)
[LOG] SoundI::release                          :     SFX_DoorOpen (0x10e537068)
[LOG] SoundI::release                          :  (0x14cc9c358)
[LOG] SoundI::release                          :     SFX_Player_Fall (0x157d55408)
[LOG] SoundI::release                          :  (0x157d67f08)
[LOG] SoundI::release                          :     SFX_DoorSlam (0x157d68078)
[LOG] SoundI::release                          :  (0x13dd7dba8)
[LOG] SoundI::release                          :     VO_Mom_1 (0x13dd7f908)
[LOG] SoundI::release                          :  (0x13dd7bcf8)
[LOG] SoundI::release                          :     VO_Mom_10 (0x13dd7be68)
[LOG] SoundI::release                          :  (0x13dd80318)
[LOG] SoundI::release                          :     VO_Mom_11 (0x13dd80488)
[LOG] SoundI::release                          :  (0x13dd8f548)
[LOG] SoundI::release                          :     VO_Mom_12 (0x13dd8f6b8)
[LOG] SoundI::release                          :  (0x13dd7f158)
[LOG] SoundI::release                          :     VO_Mom_13 (0x13dd7f2c8)
[LOG] SoundI::release                          :  (0x13dd931b8)
[LOG] SoundI::release                          :     VO_Mom_14 (0x13dd8c378)
[LOG] SoundI::release                          :  (0x13dd7c1a8)
[LOG] SoundI::release                          :     VO_Mom_15 (0x13dd8f208)
[LOG] SoundI::release                          :  (0x13dd7f608)
[LOG] SoundI::release                          :     VO_Mom_16 (0x13dd7f778)
[LOG] SoundI::release                          :  (0x13dd7c9e8)
[LOG] SoundI::release                          :     VO_Mom_17 (0x13dd7cb58)
[LOG] SoundI::release                          :  (0x13dd7ce98)
[LOG] SoundI::release                          :     VO_Mom_18 (0x13dd7d008)
[LOG] SoundI::release                          :  (0x13dd7d348)
[LOG] SoundI::release                          :     VO_Mom_19 (0x13dd7aee8)
[LOG] SoundI::release                          :  (0x13dd92608)
[LOG] SoundI::release                          :     VO_Mom_2 (0x13dd91bd8)
[LOG] SoundI::release                          : GameState_Gameplay (0x13dddb118)
[LOG] SoundI::release                          :     GameState_Gameplay (0x14a1be288)
[LOG] SoundI::release                          :     GameState_Gameplay (0x14a1bec98)
[LOG] SoundI::release                          :  (0x13dd7fe68)
[LOG] SoundI::release                          :     VO_Mom_3 (0x13dd7ffd8)
[LOG] SoundI::release                          :  (0x13dd91f18)
[LOG] SoundI::release                          :     VO_Mom_4 (0x13dd93b48)
[LOG] SoundI::release                          :  (0x14a1cd2e8)
[LOG] SoundI::release                          :     VO_Mom_5 (0x14a1cd458)
[LOG] SoundI::release                          :  (0x14a1cec78)
[LOG] SoundI::release                          :     VO_Mom_6 (0x14a1cede8)
[LOG] SoundI::release                          :  (0x14a1cb7a8)
[LOG] SoundI::release                          :     VO_Mom_7 (0x14a1cb918)
[LOG] SoundI::release                          :  (0x14a1cfa88)
[LOG] SoundI::release                          :     VO_Mom_8 (0x14a1cfbf8)
[LOG] SoundI::release                          :  (0x13aedb098)
[LOG] SoundI::release                          :     VO_Mom_9 (0x14a1c0fd8)
[LOG] Thread::callback                         : FMOD Studio update thread finished.
[LOG] Thread::callback                         : FMOD Studio bank load thread finished.
[LOG] Thread::callback                         : FMOD Studio sample load thread finished.
[LOG] LiveUpdate::release                      : 
[LOG] LiveUpdate::reset                        : Reset connection (reason Disconnected)
[LOG] Thread::callback                         : FMOD stream thread finished.
[LOG] Thread::callback                         : FMOD mixer thread finished.
[LOG] SystemI::close                           : Closed.
